Assembler report for DE1_SoC
Thu Oct 12 13:55:19 2017
Quartus Prime Version 17.0.2 Build 602 07/19/2017 SJ Standard Edition


---------------------
; Table of Contents ;
---------------------
  1. Legal Notice
  2. Assembler Summary
  3. Assembler Settings
  4. Assembler Encrypted IP Cores Summary
  5. Assembler Generated Files
  6. Assembler Device Options: C:/Users/yongqw2/Desktop/Lab1_files/output_files/DE1_SoC.sof
  7. Assembler Messages



----------------
; Legal Notice ;
----------------
Copyright (C) 2017  Intel Corporation. All rights reserved.
Your use of Intel Corporation's design tools, logic functions 
and other software and tools, and its AMPP partner logic 
functions, and any output files from any of the foregoing 
(including device programming or simulation files), and any 
associated documentation or information are expressly subject 
to the terms and conditions of the Intel Program License 
Subscription Agreement, the Intel Quartus Prime License Agreement,
the Intel MegaCore Function License Agreement, or other 
applicable license agreement, including, without limitation, 
that your use is for the sole purpose of programming logic 
devices manufactured by Intel and sold by Intel or its 
authorized distributors.  Please refer to the applicable 
agreement for further details.



+---------------------------------------------------------------+
; Assembler Summary                                             ;
+-----------------------+---------------------------------------+
; Assembler Status      ; Successful - Thu Oct 12 13:55:19 2017 ;
; Revision Name         ; DE1_SoC                               ;
; Top-level Entity Name ; DE1_SoC                               ;
; Family                ; Cyclone V                             ;
; Device                ; 5CSEMA5F31C6                          ;
+-----------------------+---------------------------------------+


+----------------------------------+
; Assembler Settings               ;
+--------+---------+---------------+
; Option ; Setting ; Default Value ;
+--------+---------+---------------+


+------------------------------------------------+
; Assembler Encrypted IP Cores Summary           ;
+--------+------------------------+--------------+
; Vendor ; IP Core Name           ; License Type ;
+--------+------------------------+--------------+
; Altera ; Signal Tap (6AF7 BCE1) ; Licensed     ;
; Altera ; Signal Tap (6AF7 BCEC) ; Licensed     ;
+--------+------------------------+--------------+


+--------------------------------------------------------------+
; Assembler Generated Files                                    ;
+--------------------------------------------------------------+
; File Name                                                    ;
+--------------------------------------------------------------+
; C:/Users/yongqw2/Desktop/Lab1_files/output_files/DE1_SoC.sof ;
+--------------------------------------------------------------+


+----------------------------------------------------------------------------------------+
; Assembler Device Options: C:/Users/yongqw2/Desktop/Lab1_files/output_files/DE1_SoC.sof ;
+----------------+-----------------------------------------------------------------------+
; Option         ; Setting                                                               ;
+----------------+-----------------------------------------------------------------------+
; JTAG usercode  ; 0x00BEAA16                                                            ;
; Checksum       ; 0x00BEAA16                                                            ;
+----------------+-----------------------------------------------------------------------+


+--------------------+
; Assembler Messages ;
+--------------------+
Info: *******************************************************************
Info: Running Quartus Prime Assembler
    Info: Version 17.0.2 Build 602 07/19/2017 SJ Standard Edition
    Info: Processing started: Thu Oct 12 13:55:09 2017
Info: Command: quartus_asm --read_settings_files=off --write_settings_files=off DE1_SoC -c DE1_SoC
Info (115030): Assembler is generating device programming files
Info: Quartus Prime Assembler was successful. 0 errors, 0 warnings
    Info: Peak virtual memory: 730 megabytes
    Info: Processing ended: Thu Oct 12 13:55:19 2017
    Info: Elapsed time: 00:00:10
    Info: Total CPU time (on all processors): 00:00:08


